[2018-05-25 21:35:45] my_logger.INFO: Something interesting happened [] []
[2018-05-25 22:26:48] my_logger.INFO: Ticket list [] []
[2018-05-25 22:27:25] my_logger.INFO: Ticket list [] []
[2018-05-25 22:27:36] my_logger.INFO: Ticket list [] []
[2018-05-25 22:29:17] my_logger.INFO: Ticket list [] []
[2018-05-25 22:49:25] my_logger.INFO: Ticket list [] []
[2018-05-25 22:49:54] my_logger.INFO: Ticket list [] []
[2018-05-25 22:50:10] my_logger.INFO: Ticket list [] []
[2018-05-26 15:33:01] my_logger.INFO: 0 [] []
[2018-05-26 15:33:21] my_logger.INFO: 3 [] []
[2018-05-26 15:34:33] my_logger.INFO: 3 [] []
[2018-05-26 15:35:30] my_logger.INFO: 3 [] []
[2018-05-26 15:37:42] my_logger.INFO: 3 [] []
[2018-05-26 15:38:35] my_logger.INFO: 3 [] []
[2018-05-26 15:39:04] my_logger.INFO: 6 [] []
[2018-05-26 15:39:54] my_logger.INFO: 6 [] []
[2018-05-26 15:42:32] my_logger.INFO: 6 [] []
[2018-05-26 15:44:45] my_logger.INFO: 9 [] []
[2018-05-26 15:45:42] my_logger.INFO: 3 [] []
[2018-05-26 15:45:42] my_logger.INFO: Executed this far... [] []
[2018-05-26 15:47:10] my_logger.INFO: 3 [] []
[2018-05-26 15:47:10] my_logger.INFO: Executed this far... [] []
[2018-05-26 15:49:53] my_logger.INFO: 3 [] []
[2018-05-26 15:49:53] my_logger.INFO: Executed this far... [] []
[2018-05-26 15:49:53] my_logger.INFO: 11 [] []
[2018-05-26 15:50:11] my_logger.INFO: 3 [] []
[2018-05-26 15:50:28] my_logger.INFO: 3 [] []
[2018-05-26 15:50:28] my_logger.INFO: Executed this far... [] []
[2018-05-26 15:50:28] my_logger.INFO: 12 [] []
[2018-05-26 15:50:40] my_logger.INFO: 3 [] []
[2018-05-26 15:50:40] my_logger.INFO: Executed this far... [] []
[2018-05-26 15:50:40] my_logger.INFO: 13 [] []
[2018-05-26 15:59:02] my_logger.INFO: 3 [] []
[2018-05-26 15:59:03] my_logger.INFO: Executed this far... [] []
[2018-05-26 15:59:03] my_logger.INFO: 14 [] []
[2018-05-26 15:59:15] my_logger.INFO: 3 [] []
[2018-05-26 15:59:15] my_logger.INFO: Executed this far... [] []
[2018-05-26 15:59:15] my_logger.INFO: 15 [] []
[2018-05-26 16:05:39] my_logger.INFO: 3 [] []
[2018-05-26 16:05:39] my_logger.INFO: Executed this far... [] []
[2018-05-26 16:05:39] my_logger.INFO: 16 [] []
[2018-05-26 16:05:49] my_logger.INFO: 3 [] []
[2018-05-26 16:05:49] my_logger.INFO: Executed this far... [] []
[2018-05-26 16:05:49] my_logger.INFO: 17 [] []
[2018-05-26 16:06:59] my_logger.INFO: 3 [] []
[2018-05-26 16:06:59] my_logger.INFO: Executed this far... [] []
[2018-05-26 16:06:59] my_logger.INFO: 18 [] []
[2018-05-26 16:07:04] my_logger.INFO: 3 [] []
[2018-05-26 16:07:04] my_logger.INFO: Executed this far... [] []
[2018-05-26 16:07:04] my_logger.INFO: 19 [] []
[2018-05-26 16:14:09] my_logger.INFO: 3 [] []
[2018-05-26 16:14:09] my_logger.INFO: Executed this far... [] []
[2018-05-26 16:14:09] my_logger.INFO: 3 [] []
[2018-05-26 16:14:09] my_logger.INFO: 20 [] []
[2018-05-26 16:16:44] my_logger.INFO: 3 [] []
[2018-05-26 16:16:44] my_logger.INFO: Executed this far... [] []
[2018-05-26 16:16:44] my_logger.INFO: 3 [] []
[2018-05-26 16:16:44] my_logger.INFO: 21 [] []
[2018-05-26 16:17:28] my_logger.INFO: 3 [] []
[2018-05-26 16:17:28] my_logger.INFO: Executed this far... [] []
[2018-05-26 16:17:28] my_logger.INFO: 3 [] []
[2018-05-26 16:17:28] my_logger.INFO: 22 [] []
[2018-05-26 16:37:20] my_logger.INFO: 3 [] []
[2018-05-26 16:37:20] my_logger.INFO: Executed this far... [] []
[2018-05-26 16:37:20] my_logger.INFO: 3 [] []
[2018-05-26 16:37:20] my_logger.INFO: 23 [] []
[2018-05-26 16:37:49] my_logger.INFO: 3 [] []
[2018-05-26 16:37:49] my_logger.INFO: Executed this far... [] []
[2018-05-26 16:37:49] my_logger.INFO: 3 [] []
[2018-05-26 16:37:49] my_logger.INFO: 24 [] []
[2018-05-26 16:37:56] my_logger.INFO: 6 [] []
[2018-05-26 16:37:56] my_logger.INFO: Executed this far... [] []
[2018-05-26 16:37:56] my_logger.INFO: 6 [] []
[2018-05-26 16:37:56] my_logger.INFO: 25 [] []
[2018-05-26 16:40:48] my_logger.INFO: 6 [] []
[2018-05-26 16:40:48] my_logger.INFO: 1 [] []
[2018-05-26 16:40:48] my_logger.INFO: Executed this far... [] []
[2018-05-26 16:40:48] my_logger.INFO: 6 [] []
[2018-05-26 16:40:48] my_logger.INFO: 26 [] []
[2018-05-26 16:41:36] my_logger.INFO: 6 [] []
[2018-05-26 16:41:36] my_logger.INFO: Executed this far... [] []
[2018-05-26 16:41:36] my_logger.INFO: 6 [] []
[2018-05-26 16:41:36] my_logger.INFO: 27 [] []
[2018-05-26 16:41:56] my_logger.INFO: 6 [] []
[2018-05-26 16:41:56] my_logger.INFO: Executed this far... [] []
[2018-05-26 16:41:56] my_logger.INFO: 6 [] []
[2018-05-26 16:41:56] my_logger.INFO: 28 [] []
[2018-05-26 16:42:12] my_logger.INFO: 6 [] []
[2018-05-26 16:42:12] my_logger.INFO: Executed this far... [] []
[2018-05-26 16:42:12] my_logger.INFO: 6 [] []
[2018-05-26 16:42:12] my_logger.INFO: 29 [] []
[2018-05-26 16:42:23] my_logger.INFO: 6 [] []
[2018-05-26 16:42:23] my_logger.INFO: Executed this far... [] []
[2018-05-26 16:42:23] my_logger.INFO: 6 [] []
[2018-05-26 16:42:23] my_logger.INFO: 30 [] []
[2018-05-26 16:43:16] my_logger.INFO: 6 [] []
[2018-05-26 16:43:16] my_logger.INFO: Executed this far... [] []
[2018-05-26 16:43:16] my_logger.INFO: 6 [] []
[2018-05-26 16:43:16] my_logger.INFO: 31 [] []
[2018-05-26 17:03:22] my_logger.INFO: 6 [] []
[2018-05-26 17:03:22] my_logger.INFO: 1 [] []
[2018-05-26 17:03:22] my_logger.INFO: Executed this far... [] []
[2018-05-26 17:03:22] my_logger.INFO: 6 [] []
[2018-05-26 17:03:22] my_logger.INFO: 32 [] []
[2018-05-26 17:04:33] my_logger.INFO: 6 [] []
[2018-05-26 17:04:33] my_logger.INFO: 1 [] []
[2018-05-26 17:04:33] my_logger.INFO: Executed this far... [] []
[2018-05-26 17:04:33] my_logger.INFO: 6 [] []
[2018-05-26 17:04:33] my_logger.INFO: 33 [] []
[2018-05-26 17:04:53] my_logger.INFO: 6 [] []
[2018-05-26 17:04:53] my_logger.INFO: 1 [] []
[2018-05-26 17:05:17] my_logger.INFO: 6 [] []
[2018-05-26 17:05:17] my_logger.INFO: 0 [] []
[2018-05-26 17:05:37] my_logger.INFO: 6 [] []
[2018-05-26 17:05:37] my_logger.INFO: 6 [] []
[2018-05-26 17:07:19] my_logger.INFO: 6 [] []
[2018-05-26 17:09:05] my_logger.INFO: 6 [] []
[2018-05-26 17:09:21] my_logger.INFO: 6 [] []
[2018-05-26 17:09:30] my_logger.INFO: 6 [] []
[2018-05-26 17:09:48] my_logger.INFO: 6 [] []
[2018-05-26 17:09:55] my_logger.INFO: 8 [] []
[2018-05-26 17:13:14] my_logger.INFO: 8 [] []
[2018-05-26 17:13:26] my_logger.INFO: 8 [] []
[2018-05-26 17:13:41] my_logger.INFO: 2 [] []
[2018-05-26 17:44:21] my_logger.INFO: 2 [] []
[2018-05-26 17:47:59] my_logger.INFO: 2 [] []
[2018-05-26 17:48:06] my_logger.INFO: 2 [] []
[2018-05-26 18:12:00] my_logger.INFO: 22 [] []
[2018-05-26 18:12:00] my_logger.INFO: 42 [] []
[2018-05-26 18:12:00] my_logger.INFO: 0 [] []
[2018-05-26 18:12:00] my_logger.INFO: 0 [] []
[2018-05-26 18:12:00] my_logger.INFO: 2 [] []
[2018-05-26 18:12:00] my_logger.INFO: 0 [] []
[2018-05-26 18:12:18] my_logger.INFO: 22 [] []
[2018-05-26 18:12:18] my_logger.INFO: 42 [] []
[2018-05-26 18:12:18] my_logger.INFO: 0 [] []
[2018-05-26 18:12:18] my_logger.INFO: 0 [] []
[2018-05-26 18:12:18] my_logger.INFO: 2 [] []
[2018-05-26 18:12:18] my_logger.INFO: 0 [] []
[2018-05-26 18:13:32] my_logger.INFO: 1 [] []
[2018-05-26 18:13:47] my_logger.INFO: 1 [] []
[2018-05-26 18:13:55] my_logger.INFO: 1 [] []
[2018-05-26 18:14:42] my_logger.INFO: 42 [] []
[2018-05-26 18:14:42] my_logger.INFO: 0 [] []
[2018-05-26 18:14:42] my_logger.INFO: 0 [] []
[2018-05-26 18:14:42] my_logger.INFO: 2 [] []
[2018-05-26 18:15:01] my_logger.INFO: 42 [] []
[2018-05-26 18:15:01] my_logger.INFO: 0 [] []
[2018-05-26 18:15:01] my_logger.INFO: 0 [] []
[2018-05-26 18:15:01] my_logger.INFO: 2 [] []
[2018-05-26 18:16:48] my_logger.INFO: 42 [] []
[2018-05-26 18:16:48] my_logger.INFO: 1 [] []
[2018-05-26 18:16:48] my_logger.INFO: 1 [] []
[2018-05-26 18:16:48] my_logger.INFO: 0 [] []
[2018-05-26 18:16:48] my_logger.INFO: Test Exit Value 2 [] []
[2018-05-26 18:18:26] my_logger.INFO: 42 [] []
[2018-05-26 18:18:26] my_logger.INFO: 1 [] []
[2018-05-26 18:18:26] my_logger.INFO: 1 [] []
[2018-05-26 18:18:26] my_logger.INFO: 0 [] []
[2018-05-26 18:18:26] my_logger.INFO: Test Exit Result 10 [] []
[2018-05-26 18:18:43] my_logger.INFO: 42 [] []
[2018-05-26 18:18:43] my_logger.INFO: 1 [] []
[2018-05-26 18:18:43] my_logger.INFO: 1 [] []
[2018-05-26 18:18:43] my_logger.INFO: 2 [] []
[2018-05-26 18:19:31] my_logger.INFO: 40 [] []
[2018-05-26 18:19:31] my_logger.INFO: 1 [] []
[2018-05-26 18:19:31] my_logger.INFO: 2 [] []
[2018-05-26 18:19:31] my_logger.INFO: 3 [] []
[2018-05-26 18:19:31] my_logger.INFO: Test Exit Value 5 [] []
[2018-05-26 18:21:47] my_logger.INFO: 40 [] []
[2018-05-26 18:21:47] my_logger.INFO: 1 [] []
[2018-05-26 18:21:47] my_logger.INFO: 2 [] []
[2018-05-26 18:21:47] my_logger.INFO: 3 [] []
[2018-05-26 18:21:47] my_logger.INFO: Test Exit Value 1 [] []
[2018-05-26 18:21:53] my_logger.INFO: 40 [] []
[2018-05-26 18:21:53] my_logger.INFO: 1 [] []
[2018-05-26 18:21:53] my_logger.INFO: 1 [] []
[2018-05-26 18:21:53] my_logger.INFO: 2 [] []
[2018-05-26 18:21:53] my_logger.INFO: Test Exit Value 0 [] []
[2018-05-26 18:21:57] my_logger.INFO: 40 [] []
[2018-05-26 18:21:57] my_logger.INFO: 1 [] []
[2018-05-26 18:21:57] my_logger.INFO: 1 [] []
[2018-05-26 18:21:57] my_logger.INFO: 0 [] []
[2018-05-26 18:21:57] my_logger.INFO: Test Exit Result 10 [] []
[2018-05-26 18:22:02] my_logger.INFO: 40 [] []
[2018-05-26 18:22:02] my_logger.INFO: 2 [] []
[2018-05-26 18:22:02] my_logger.INFO: 2 [] []
[2018-05-26 18:22:02] my_logger.INFO: 2 [] []
[2018-05-26 18:22:02] my_logger.INFO: Test Exit Value 5 [] []
[2018-05-26 18:27:22] my_logger.INFO: Test Exit Value 5 [] []
[2018-05-26 18:29:10] my_logger.INFO: Test Exit Value 5 [] []
[2018-05-26 18:29:47] my_logger.INFO: Test Exit Result 10 [] []
[2018-05-26 18:30:26] my_logger.INFO: Test Exit Result 10 [] []
[2018-05-26 18:31:35] my_logger.INFO: Test Exit Result 10 [] []
[2018-05-26 18:31:50] my_logger.INFO: Test Exit Result 10 [] []
[2018-05-26 18:32:02] my_logger.INFO: Test Exit Value 0 [] []
[2018-05-26 18:36:23] my_logger.INFO: Test Exit Value 0 [] []
[2018-05-26 18:36:23] my_logger.INFO: Test Exit Result 10 [] []
[2018-05-26 18:36:24] my_logger.INFO: Test Exit Value 1 [] []
[2018-05-26 18:36:24] my_logger.INFO: Test Exit Value 0 [] []
[2018-05-26 18:36:24] my_logger.INFO: Test Exit Result 10 [] []
[2018-05-26 18:36:24] my_logger.INFO: Test Exit Value 5 [] []
[2018-05-26 19:13:05] my_logger.INFO: 9 [] []
[2018-05-26 19:13:45] my_logger.INFO: 9 [] []
[2018-05-26 19:13:59] my_logger.INFO: 9 [] []
[2018-05-26 19:14:20] my_logger.INFO: 0 [] []
[2018-05-26 19:14:20] my_logger.INFO: 9 [] []
[2018-05-26 19:14:50] my_logger.INFO: 3 [] []
[2018-05-26 19:14:50] my_logger.INFO: 12 [] []
[2018-05-26 19:16:12] my_logger.INFO: 7 [] []
[2018-05-26 19:16:12] my_logger.INFO: 10 [] []
[2018-05-27 16:22:30] my_logger.INFO: 6 [] []
[2018-05-27 16:23:49] my_logger.INFO: 6 [] []
[2018-05-27 17:14:51] my_logger.INFO: Testing Hit Point [] []
[2018-05-27 17:15:26] my_logger.INFO:    id [] []
[2018-05-27 17:16:00] my_logger.INFO:    id [] []
[2018-05-27 17:16:00] my_logger.INFO: Array [] []
[2018-05-27 17:16:51] my_logger.INFO: {id} [] []
[2018-05-27 17:30:53] my_logger.INFO: 1 [] []
[2018-05-27 17:30:53] my_logger.INFO: Array [] []
[2018-05-27 18:00:15] my_logger.INFO: 2 [] []
[2018-05-27 18:00:15] my_logger.INFO: Array [] []
[2018-05-27 18:23:12] my_logger.INFO: 8 [] []
[2018-05-27 18:23:12] my_logger.INFO: Array [] []
[2018-05-27 18:24:54] my_logger.INFO: 10 [] []
[2018-05-27 18:24:54] my_logger.INFO: Array [] []
